{
  "Unit Tests": {
    "coverage": {
      "/Users/david/turing/1mod/projects/black_thursday/lib/item_repository.rb": [
        1,
        1,
        1,
        null,
        1,
        1,
        null,
        1,
        9,
        null,
        null,
        1,
        243,
        null,
        null,
        1,
        234,
        234,
        null,
        null,
        1,
        null,
        null,
        null,
        null,
        null,
        null,
        null,
        null,
        234,
        null,
        null,
        1,
        234,
        234,
        null,
        null,
        1,
        468,
        null,
        null,
        1,
        1,
        null,
        null,
        1,
        29,
        null,
        null,
        1,
        59,
        null,
        null,
        1,
        81,
        null,
        null,
        1,
        81,
        null,
        null,
        1,
        54,
        null,
        null,
        1,
        81,
        null,
        null,
        null
      ],
      "/Users/david/turing/1mod/projects/black_thursday/lib/item.rb": [
        1,
        1,
        null,
        null,
        null,
        null,
        null,
        null,
        null,
        1,
        234,
        234,
        234,
        234,
        234,
        234,
        234,
        null,
        null,
        1,
        0,
        null,
        null,
        null
      ]
    },
    "timestamp": 1469581786
  },
  "RSpec": {
    "coverage": {
      "/Users/david/turing/1mod/projects/black_thursday/lib/item_repository.rb": [
        1,
        1,
        1,
        null,
        1,
        1,
        null,
        1,
        10,
        null,
        null,
        1,
        1611,
        null,
        null,
        1,
        1601,
        1601,
        null,
        null,
        1,
        null,
        null,
        null,
        null,
        null,
        null,
        null,
        null,
        1601,
        null,
        null,
        1,
        1601,
        1601,
        null,
        null,
        1,
        3202,
        null,
        null,
        1,
        1,
        null,
        null,
        1,
        29,
        null,
        null,
        1,
        59,
        null,
        null,
        1,
        81,
        null,
        null,
        1,
        81,
        null,
        null,
        1,
        54,
        null,
        null,
        1,
        81,
        null,
        null,
        null
      ],
      "/Users/david/turing/1mod/projects/black_thursday/lib/item.rb": [
        1,
        1,
        null,
        null,
        null,
        null,
        null,
        null,
        null,
        1,
        1608,
        1608,
        1608,
        1608,
        1608,
        1608,
        1608,
        null,
        null,
        1,
        1,
        null,
        null,
        null
      ],
      "/Users/david/turing/1mod/projects/black_thursday/test/item_test.rb": [
        1,
        1,
        1,
        null,
        1,
        1,
        1,
        1,
        null,
        null,
        1,
        1,
        1,
        null,
        null,
        1,
        1,
        null,
        null,
        null,
        1,
        1,
        null,
        null,
        1,
        1,
        1,
        null,
        null,
        1,
        null,
        null,
        1,
        1,
        1,
        null,
        null,
        1,
        null,
        null,
        1,
        1,
        null,
        null,
        null,
        null,
        null,
        null,
        null,
        null,
        1,
        1,
        1,
        1,
        1,
        1,
        1,
        1,
        null,
        null,
        1,
        1,
        null,
        null,
        1,
        1,
        null,
        null
      ],
      "/Users/david/turing/1mod/projects/black_thursday/test/merchant_repository_test.rb": [
        1,
        null,
        1,
        null
      ],
      "/Users/david/turing/1mod/projects/black_thursday/test/merchant_test.rb": [
        1,
        null,
        1,
        null
      ],
      "/Users/david/turing/1mod/projects/black_thursday/test/sales_engine_test.rb": [
        1,
        1,
        null,
        1,
        1,
        1,
        null,
        null,
        null,
        1,
        1,
        null,
        null
      ],
      "/Users/david/turing/1mod/projects/black_thursday/lib/sales_engine.rb": [
        1,
        1,
        1,
        null,
        1,
        1,
        null,
        1,
        1,
        1,
        null,
        null,
        1,
        2,
        1844,
        null,
        null,
        1,
        1,
        1,
        1,
        null,
        null
      ],
      "/Users/david/turing/1mod/projects/black_thursday/lib/merchant_repository.rb": [
        1,
        1,
        1,
        null,
        null
      ],
      "/Users/david/turing/1mod/projects/black_thursday/test/test_helper.rb": [
        1,
        1,
        1,
        1
      ]
    },
    "timestamp": 1469581174
  }
}
